#
# There is insufficient memory for the Java Runtime Environment to continue.
# Native memory allocation (mmap) failed to map 134217728 bytes for Failed to commit area from 0x0000000081000000 to 0x0000000089000000 of length 134217728.
# Possible reasons:
#   The system is out of physical RAM or swap space
#   The process is running with CompressedOops enabled, and the Java Heap may be blocking the growth of the native heap
# Possible solutions:
#   Reduce memory load on the system
#   Increase physical memory or swap space
#   Check if swap backing store is full
#   Decrease Java heap size (-Xmx/-Xms)
#   Decrease number of Java threads
#   Decrease Java thread stack sizes (-Xss)
#   Set larger code cache with -XX:ReservedCodeCacheSize=
# This output file may be truncated or incomplete.
#
#  Out of Memory Error (t:/workspace/open/src/hotspot/os/windows/os_windows.cpp:3269), pid=6448, tid=10496
#
# JRE version:  (11.0.1+13) (build )
# Java VM: Java HotSpot(TM) 64-Bit Server VM (11.0.1+13-LTS, mixed mode, aot, sharing, tiered, compressed oops, g1 gc, windows-amd64)
# No core dump will be written. Minidumps are not enabled by default on client versions of Windows
#

---------------  S U M M A R Y ------------

Command Line: -Dfile.encoding=Cp1252 machineLearning.TestManager

Host: Intel(R) Core(TM) i5-4210U CPU @ 1.70GHz, 4 cores, 7G,  Windows 8.1 , 64 bit Build 9600 (6.3.9600.20778)
Time: Fri Feb  7 20:07:12 2025 W. Europe Standard Time elapsed time: 0 seconds (0d 0h 0m 0s)

---------------  T H R E A D  ---------------

Current thread (0x000000d647ea6000):  JavaThread "Unknown thread" [_thread_in_vm, id=10496, stack(0x000000d645df0000,0x000000d645ef0000)]

Stack: [0x000000d645df0000,0x000000d645ef0000]
Native frames: (J=compiled Java code, j=interpreted, Vv=VM code, C=native code)
V  [jvm.dll+0x63c21a]
V  [jvm.dll+0x7797df]
V  [jvm.dll+0x77adca]
V  [jvm.dll+0x77b483]
V  [jvm.dll+0x2627f8]
V  [jvm.dll+0x6396ca]
V  [jvm.dll+0x62dfa5]
V  [jvm.dll+0x31699c]
V  [jvm.dll+0x316822]
V  [jvm.dll+0x31c096]
V  [jvm.dll+0x36842f]
V  [jvm.dll+0x367e50]
V  [jvm.dll+0x2f38b8]
V  [jvm.dll+0x2f4a16]
V  [jvm.dll+0x752da7]
V  [jvm.dll+0x7544ef]
V  [jvm.dll+0x375269]
V  [jvm.dll+0x7394a9]
V  [jvm.dll+0x3e467d]
V  [jvm.dll+0x3e6951]
C  [javaw.exe+0x3613]
C  [javaw.exe+0x17e2c]
C  [KERNEL32.DLL+0x1412]
C  [ntdll.dll+0x15504]


---------------  P R O C E S S  ---------------

Threads class SMR info:
_java_thread_list=0x000000d645d12fd0, length=0, elements={
}

Java Threads: ( => current thread )

Other Threads:
  0x000000d647ebc000 GCTaskThread "GC Thread#0" [stack: 0x000000d647830000,0x000000d647930000] [id=8172]
  0x000000d647eee000 ConcurrentGCThread "G1 Main Marker" [stack: 0x000000d663d20000,0x000000d663e20000] [id=7544]
  0x000000d647ef3800 ConcurrentGCThread "G1 Conc#0" [stack: 0x000000d663e20000,0x000000d663f20000] [id=4288]

[error occurred during error reporting (printing all threads), id 0xc0000005, EXCEPTION_ACCESS_VIOLATION (0xc0000005) at pc=0x00007fff229d2137]

VM state:not at safepoint (not fully initialized)

VM Mutex/Monitor currently owned by a thread:  ([mutex/lock_event])
[0x000000d647ea4820] Heap_lock - owner thread: 0x000000d647ea6000

Heap address: 0x0000000081000000, size: 2032 MB, Compressed Oops mode: Non-zero based: 0x0000000081000000
Narrow klass base: 0x0000000000000000, Narrow klass shift: 0

GC Heap History (0 events):
No events

Deoptimization events (0 events):
No events

Classes redefined (0 events):
No events

Internal exceptions (0 events):
No events

Events (0 events):
No events


Dynamic libraries:
0x00007ff76eac0000 - 0x00007ff76eb07000 	C:\Program Files\Java\jdk-11.0.1\bin\javaw.exe
0x00007fff78620000 - 0x00007fff787cd000 	C:\Windows\SYSTEM32\ntdll.dll
0x00007fff760a0000 - 0x00007fff761df000 	C:\Windows\system32\KERNEL32.DLL
0x00007fff75b80000 - 0x00007fff75c94000 	C:\Windows\system32\KERNELBASE.dll
0x00007fff75ff0000 - 0x00007fff7609d000 	C:\Windows\system32\ADVAPI32.dll
0x00007fff75ca0000 - 0x00007fff75e17000 	C:\Windows\system32\USER32.dll
0x00007fff73690000 - 0x00007fff7390b000 	C:\Windows\WinSxS\amd64_microsoft.windows.common-controls_6595b64144ccf1df_6.0.9600.19394_none_62486577ecb635cf\COMCTL32.dll
0x00007fff71d30000 - 0x00007fff71d3a000 	C:\Windows\SYSTEM32\VERSION.dll
0x00007fff76930000 - 0x00007fff769da000 	C:\Windows\system32\msvcrt.dll
0x00007fff75f90000 - 0x00007fff75feb000 	C:\Windows\SYSTEM32\sechost.dll
0x00007fff764f0000 - 0x00007fff76625000 	C:\Windows\system32\RPCRT4.dll
0x00007fff763a0000 - 0x00007fff764ef000 	C:\Windows\system32\GDI32.dll
0x00007fff75790000 - 0x00007fff757be000 	C:\Windows\system32\SspiCli.dll
0x00007fff769e0000 - 0x00007fff76a16000 	C:\Windows\system32\IMM32.DLL
0x00007fff75e20000 - 0x00007fff75f71000 	C:\Windows\system32\MSCTF.dll
0x00007fff65410000 - 0x00007fff65426000 	C:\Program Files\Java\jdk-11.0.1\bin\vcruntime140.dll
0x00007fff65480000 - 0x00007fff65484000 	C:\Program Files\Java\jdk-11.0.1\bin\api-ms-win-crt-runtime-l1-1-0.dll
0x00007fff65400000 - 0x00007fff65404000 	C:\Program Files\Java\jdk-11.0.1\bin\api-ms-win-crt-string-l1-1-0.dll
0x00007fff653d0000 - 0x00007fff653d3000 	C:\Program Files\Java\jdk-11.0.1\bin\api-ms-win-crt-heap-l1-1-0.dll
0x00007fff653b0000 - 0x00007fff653b4000 	C:\Program Files\Java\jdk-11.0.1\bin\api-ms-win-crt-stdio-l1-1-0.dll
0x00007fff653a0000 - 0x00007fff653a4000 	C:\Program Files\Java\jdk-11.0.1\bin\api-ms-win-crt-convert-l1-1-0.dll
0x00007fff35240000 - 0x00007fff35336000 	C:\Program Files\Java\jdk-11.0.1\bin\ucrtbase.DLL
0x00007fff368f0000 - 0x00007fff3699a000 	C:\Program Files\Java\jdk-11.0.1\bin\msvcp140.dll
0x00007fff65390000 - 0x00007fff65393000 	C:\Program Files\Java\jdk-11.0.1\bin\api-ms-win-crt-locale-l1-1-0.dll
0x00007fff65380000 - 0x00007fff65385000 	C:\Program Files\Java\jdk-11.0.1\bin\api-ms-win-crt-math-l1-1-0.dll
0x00007fff65370000 - 0x00007fff65375000 	C:\Program Files\Java\jdk-11.0.1\bin\api-ms-win-crt-multibyte-l1-1-0.dll
0x00007fff65360000 - 0x00007fff65363000 	C:\Program Files\Java\jdk-11.0.1\bin\api-ms-win-crt-time-l1-1-0.dll
0x00007fff65350000 - 0x00007fff65353000 	C:\Program Files\Java\jdk-11.0.1\bin\api-ms-win-crt-filesystem-l1-1-0.dll
0x00007fff64010000 - 0x00007fff64013000 	C:\Program Files\Java\jdk-11.0.1\bin\api-ms-win-crt-environment-l1-1-0.dll
0x00007fff64000000 - 0x00007fff64003000 	C:\Program Files\Java\jdk-11.0.1\bin\api-ms-win-crt-utility-l1-1-0.dll
0x00007fff226d0000 - 0x00007fff23212000 	C:\Program Files\Java\jdk-11.0.1\bin\server\jvm.dll
0x00007fff66760000 - 0x00007fff66769000 	C:\Windows\SYSTEM32\WSOCK32.dll
0x00007fff6f7d0000 - 0x00007fff6f7f2000 	C:\Windows\SYSTEM32\WINMM.dll
0x00007fff78250000 - 0x00007fff78257000 	C:\Windows\system32\PSAPI.DLL
0x00007fff781f0000 - 0x00007fff7824a000 	C:\Windows\system32\WS2_32.dll
0x00007fff6f710000 - 0x00007fff6f73a000 	C:\Windows\SYSTEM32\WINMMBASE.dll
0x00007fff75f80000 - 0x00007fff75f89000 	C:\Windows\system32\NSI.dll
0x00007fff75a80000 - 0x00007fff75acf000 	C:\Windows\SYSTEM32\cfgmgr32.dll
0x00007fff744e0000 - 0x00007fff74508000 	C:\Windows\SYSTEM32\DEVOBJ.dll
0x00007fff62750000 - 0x00007fff62761000 	C:\Program Files\Java\jdk-11.0.1\bin\verify.dll
0x00007fff675a0000 - 0x00007fff6772a000 	C:\Windows\SYSTEM32\DBGHELP.DLL
0x00007fff60580000 - 0x00007fff605a9000 	C:\Program Files\Java\jdk-11.0.1\bin\java.dll
0x00007fff62450000 - 0x00007fff62466000 	C:\Program Files\Java\jdk-11.0.1\bin\zip.dll
0x00007fff61d60000 - 0x00007fff61d6a000 	C:\Program Files\Java\jdk-11.0.1\bin\jimage.dll

dbghelp: loaded successfully - version: 4.0.5 - missing functions: none
symbol engine: initialized successfully - sym options: 0x614 - pdb path: .;C:\Program Files\Java\jdk-11.0.1\bin;C:\Windows\SYSTEM32;C:\Windows\WinSxS\amd64_microsoft.windows.common-controls_6595b64144ccf1df_6.0.9600.19394_none_62486577ecb635cf;C:\Program Files\Java\jdk-11.0.1\bin\server

VM Arguments:
jvm_args: -Dfile.encoding=Cp1252 
java_command: machineLearning.TestManager
java_class_path (initial): F:\research\computation\software\code\eclipse\voice_separation\bin;F:\research\computation\software\code\eclipse\machine_learning\bin;F:\research\computation\software\code\eclipse\machine_learning\lib\commons-math3-3.4.jar;F:\research\computation\software\code\eclipse\machine_learning\lib\encog-core-3.0.1.jar;C:\Program Files\eclipse\plugins\org.antlr_2.7.6.20141115-0900\antlr.jar;C:\Users\Reinier\.p2\pool\plugins\org.junit_4.12.0.v201504281640\junit.jar;C:\Users\Reinier\.p2\pool\plugins\org.hamcrest.core_1.3.0.v20180420-1519.jar;F:\research\computation\software\code\eclipse\encog-core-3.0.1\apidocs;F:\research\computation\software\code\eclipse\encog-core-3.0.1\src\main\java;F:\research\computation\software\code\eclipse\melody_models\bin;F:\research\computation\software\code\eclipse\encog-core-3.0.1\target\test-classes;F:\research\computation\software\code\eclipse\encog-core-3.0.1\target\classes;F:\research\computation\software\code\eclipse\encog-core-3.0.1\lib\junit-4.8.1.jar;F:\research\computation\software\code\eclipse\musitech\lib\commons-lang3-3.3.2-javadoc.jar;F:\research\computation\software\code\eclipse\musitech\lib\commons-lang3-3.3.2.jar;F:\research\computation\software\code\eclipse\melody_models\lib\kylm-0.0.7.jar;F:\research\computation\software\code\eclipse\utils\bin;F:\research\computation\software\code\eclipse\representations\bin;F:\research\computation\software\code\eclipse\voice_separation\lib\commons-lang3-3.8.1-javadoc.jar;F:\research\computation\software\code\eclipse\voice_separation\lib\commons-lang3-3.8.1.jar;F:\research\computation\software\code\eclipse\utils\lib\musitech.jar;F:\research\computation\software\code\eclipse\utils\lib\jackson-annotations-2.17.1.jar;F:\research\computation\software\code\eclipse\utils\lib\jackson-core-2.17.1.jar;F:\research\computation\software\code\eclipse\utils\lib\jackson-databind-2.17.1.jar;F:\research\computation\software\code\eclipse\formats\bin;F:\research\computation\software\cod
Launcher Type: SUN_STANDARD

[Global flags]
     intx CICompilerCount                          = 3                                         {product} {ergonomic}
     uint ConcGCThreads                            = 1                                         {product} {ergonomic}
     uint G1ConcRefinementThreads                  = 4                                         {product} {ergonomic}
   size_t G1HeapRegionSize                         = 1048576                                   {product} {ergonomic}
    uintx GCDrainStackTargetSize                   = 64                                        {product} {ergonomic}
   size_t InitialHeapSize                          = 134217728                                 {product} {ergonomic}
   size_t MarkStackSize                            = 4194304                                   {product} {ergonomic}
   size_t MaxHeapSize                              = 2130706432                                {product} {ergonomic}
   size_t MinHeapDeltaBytes                        = 1048576                                   {product} {ergonomic}
    uintx NonNMethodCodeHeapSize                   = 5830092                                {pd product} {ergonomic}
    uintx NonProfiledCodeHeapSize                  = 122914074                              {pd product} {ergonomic}
    uintx ProfiledCodeHeapSize                     = 122914074                              {pd product} {ergonomic}
    uintx ReservedCodeCacheSize                    = 251658240                              {pd product} {ergonomic}
     bool SegmentedCodeCache                       = true                                      {product} {ergonomic}
     bool UseCompressedClassPointers               = true                                 {lp64_product} {ergonomic}
     bool UseCompressedOops                        = true                                 {lp64_product} {ergonomic}
     bool UseG1GC                                  = true                                      {product} {ergonomic}
     bool UseLargePagesIndividualAllocation        = false                                  {pd product} {ergonomic}

Logging:
Log output configuration:
 #0: stdout all=warning uptime,level,tags
 #1: stderr all=off uptime,level,tags

Environment Variables:
PATH=C:/Program Files/Java/jdk-11.0.1/bin/server;C:/Program Files/Java/jdk-11.0.1/bin;C:\Program Files\Java\jdk-11.0.1\bin;C:\Program Files (x86)\NVIDIA Corporation\PhysX\Common;C:\ProgramData\Oracle\Java\javapath;C:\Program Files (x86)\Intel\iCLS Client\;C:\Program Files\Intel\iCLS Client\;C:\Windows\system32;C:\Windows;C:\Windows\System32\Wbem;C:\Windows\System32\WindowsPowerShell\v1.0\;C:\Program Files\Hewlett-Packard\SimplePass\;C:\Program Files\Intel\Intel(R) Management Engine Components\DAL;C:\Program Files\Intel\Intel(R) Management Engine Components\IPT;C:\Program Files (x86)\Intel\Intel(R) Management Engine Components\DAL;C:\Program Files (x86)\Intel\Intel(R) Management Engine Components\IPT;c:\Program Files\Intel\WiFi\bin\;c:\Program Files\Common Files\Intel\WirelessCommon\;C:\Program Files\Microsoft SQL Server\110\Tools\Binn\;C:\Program Files\MATLAB\R2018b\bin\;C:\Program Files\MATLAB\R2018b\bin\win64\;C:\Program Files\CMake\bin;C:\Program Files\Git\cmd;C:\Users\Reinier\AppData\Local\Programs\Python\Python312\Scripts\;C:\Users\Reinier\AppData\Local\Programs\Python\Python312\;C:\Users\Reinier\AppData\Local\Programs\Python\Launcher\;C:\Users\Reinier\Anaconda3;C:\Users\Reinier\Anaconda3\Scripts;C:\Users\Reinier\Anaconda3\Library\bin;c:\Program Files\Intel\WiFi\bin\;c:\Program Files\Common Files\Intel\WirelessCommon\;C:\Program Files\Mercurial;C:\Program Files\Java\jdk-11.0.1\bin;C:\Users\Reinier\AppData\Local\Programs\MiKTeX 2.9\miktex\bin\x64\;C:\Windows\system32;
USERNAME=Reinier
OS=Windows_NT
PROCESSOR_IDENTIFIER=Intel64 Family 6 Model 69 Stepping 1, GenuineIntel



---------------  S Y S T E M  ---------------

OS: Windows 8.1 , 64 bit Build 9600 (6.3.9600.20778)

CPU:total 4 (initial active 4) (2 cores per cpu, 2 threads per core) family 6 model 69 stepping 1, cmov, cx8, fxsr, mmx, sse, sse2, sse3, ssse3, sse4.1, sse4.2, popcnt, avx, avx2, aes, clmul, erms, lzcnt, ht, tsc, tscinvbit, bmi1, bmi2, fma

Memory: 4k page, system-wide physical 8122M (1021M free)
TotalPageFile size 10035M (AvailPageFile size 111M)
current process WorkingSet (physical memory assigned to process): 9M, peak: 9M
current process commit charge ("private bytes"): 51M, peak: 179M

vm_info: Java HotSpot(TM) 64-Bit Server VM (11.0.1+13-LTS) for windows-amd64 JRE (11.0.1+13-LTS), built on Oct  6 2018 13:20:16 by "mach5one" with MS VC++ 15.5 (VS2017)

END.
